#
# There is insufficient memory for the Java Runtime Environment to continue.
# Native memory allocation (mmap) failed to map 255852544 bytes for G1 virtual space
# Possible reasons:
#   The system is out of physical RAM or swap space
#   The process is running with CompressedOops enabled, and the Java Heap may be blocking the growth of the native heap
# Possible solutions:
#   Reduce memory load on the system
#   Increase physical memory or swap space
#   Check if swap backing store is full
#   Decrease Java heap size (-Xmx/-Xms)
#   Decrease number of Java threads
#   Decrease Java thread stack sizes (-Xss)
#   Set larger code cache with -XX:ReservedCodeCacheSize=
#   JVM is running with Zero Based Compressed Oops mode in which the Java heap is
#     placed in the first 32GB address space. The Java Heap base address is the
#     maximum limit for the native heap growth. Please use -XX:HeapBaseMinAddress
#     to set the Java Heap base and to place the Java Heap above 32GB virtual address.
# This output file may be truncated or incomplete.
#
#  Out of Memory Error (os_windows.cpp:3551), pid=24760, tid=11668
#
# JRE version:  (17.0.17+8) (build )
# Java VM: Java HotSpot(TM) 64-Bit Server VM (17.0.17+8-LTS-360, mixed mode, emulated-client, sharing, tiered, compressed oops, compressed class ptrs, g1 gc, windows-amd64)
# No core dump will be written. Minidumps are not enabled by default on client versions of Windows
#

---------------  S U M M A R Y ------------

Command Line: -agentlib:jdwp=transport=dt_socket,address=127.0.0.1:60020,suspend=y,server=n -javaagent:C:\Users\asus\AppData\Local\JetBrains\IntelliJIdea2026.1\captureAgent\debugger-agent.jar=file:///C:/Users/asus/AppData/Local/Temp/capture17929930689784655021.props -agentpath:C:\Users\asus\AppData\Local\Temp\idea_libasyncProfiler_dll_temp_folder10\libasyncProfiler.dll=version,jfr,event=wall,interval=10ms,cstack=no,file=C:\Users\asus\IdeaSnapshots\NewCommunityApplication_2026_06_26_015059.jfr,dbghelppath=C:\Users\asus\AppData\Local\Temp\idea_dbghelp_dll_temp_folder10\dbghelp.dll,log=C:\Users\asus\AppData\Local\Temp\NewCommunityApplication_2026_06_26_015059.jfr.log.txt,logLevel=DEBUG -XX:TieredStopAtLevel=1 -Dspring.output.ansi.enabled=always -Dcom.sun.management.jmxremote -Dspring.jmx.enabled=true -Dspring.liveBeansView.mbeanDomain -Dspring.application.admin.enabled=true -Dmanagement.endpoints.jmx.exposure.include=* -Dkotlinx.coroutines.debug.enable.creation.stack.trace=false -Ddebugger.agent.enable.coroutines=true -Dkotlinx.coroutines.debug.enable.flows.stack.trace=true -Dkotlinx.coroutines.debug.enable.mutable.state.flows.stack.trace=true -Ddebugger.async.stack.trace.for.all.threads=true -Dfile.encoding=UTF-8 com.example.newcommunity.NewCommunityApplication

Host: AMD Ryzen 7 6800H with Radeon Graphics         , 16 cores, 15G,  Windows 11 , 64 bit Build 26100 (10.0.26100.8328)
Time: Fri Jun 26 01:50:59 2026  Windows 11 , 64 bit Build 26100 (10.0.26100.8328) elapsed time: 0.032497 seconds (0d 0h 0m 0s)

---------------  T H R E A D  ---------------

Current thread (0x000001a852b7e810):  JavaThread "Unknown thread" [_thread_in_vm, id=11668, stack(0x00000075d6500000,0x00000075d6600000)]

Stack: [0x00000075d6500000,0x00000075d6600000]
Native frames: (J=compiled Java code, j=interpreted, Vv=VM code, C=native code)
V  [jvm.dll+0x67a0ea]
V  [jvm.dll+0x7da56d]
V  [jvm.dll+0x7dbeb3]
V  [jvm.dll+0x7dc523]
V  [jvm.dll+0x2453af]
V  [jvm.dll+0x677119]
V  [jvm.dll+0x66bda2]
V  [jvm.dll+0x3022a6]
V  [jvm.dll+0x309846]
V  [jvm.dll+0x35a25e]
V  [jvm.dll+0x35a48f]
V  [jvm.dll+0x2d9378]
V  [jvm.dll+0x2da2e4]
V  [jvm.dll+0x7acd41]
V  [jvm.dll+0x367ac1]
V  [jvm.dll+0x78bcf9]
V  [jvm.dll+0x3ed10e]
V  [jvm.dll+0x3eed41]
C  [jli.dll+0x5297]
C  [ucrtbase.dll+0x37b0]
C  [KERNEL32.DLL+0x2e957]
C  [ntdll.dll+0x427c]


---------------  P R O C E S S  ---------------

Threads class SMR info:
_java_thread_list=0x00007ffcc7cb7a18, length=0, elements={
}

Java Threads: ( => current thread )

Other Threads:
  0x000001a85c6a4420 GCTaskThread "GC Thread#0" [stack: 0x00000075d6600000,0x00000075d6700000] [id=18040]
  0x000001a85c6b5510 ConcurrentGCThread "G1 Main Marker" [stack: 0x00000075d6700000,0x00000075d6800000] [id=18212]
  0x000001a85c6b5d30 ConcurrentGCThread "G1 Conc#0" [stack: 0x00000075d6800000,0x00000075d6900000] [id=23468]

[error occurred during error reporting (printing all threads), id 0xc0000005, EXCEPTION_ACCESS_VIOLATION (0xc0000005) at pc=0x00007ffcc74e9e67]

VM state: not at safepoint (not fully initialized)

VM Mutex/Monitor currently owned by a thread:  ([mutex/lock_event])
[0x000001a8528aa9a0] Heap_lock - owner thread: 0x000001a852b7e810

Heap address: 0x000000070c000000, size: 3904 MB, Compressed Oops mode: Zero based, Oop shift amount: 3

CDS archive(s) mapped at: [0x0000000000000000-0x0000000000000000-0x0000000000000000), size 0, SharedBaseAddress: 0x0000000800000000, ArchiveRelocationMode: 1.
Narrow klass base: 0x0000000000000000, Narrow klass shift: 0, Narrow klass range: 0x0

GC Precious Log:
<Empty>

Heap:
 garbage-first heap   total 0K, used 0K [0x000000070c000000, 0x0000000800000000)
  region size 2048K, 0 young (0K), 0 survivors (0K)

[error occurred during error reporting (printing heap information), id 0xc0000005, EXCEPTION_ACCESS_VIOLATION (0xc0000005) at pc=0x00007ffcc78d3949]

GC Heap History (0 events):
No events

Deoptimization events (0 events):
No events

Classes unloaded (0 events):
No events

Classes redefined (0 events):
No events

Internal exceptions (0 events):
No events

VM Operations (0 events):
No events

Events (2 events):
Event: 0.023 Loaded shared library C:\Program Files\Java\jdk-17\bin\java.dll
Event: 0.026 Loaded shared library C:\Program Files\Java\jdk-17\bin\zip.dll


Dynamic libraries:
0x00007ff609ed0000 - 0x00007ff609ee0000 	C:\Program Files\Java\jdk-17\bin\java.exe
0x00007ffd2ac00000 - 0x00007ffd2ae67000 	C:\WINDOWS\SYSTEM32\ntdll.dll
0x00007ffd29840000 - 0x00007ffd29909000 	C:\WINDOWS\System32\KERNEL32.DLL
0x00007ffd27ea0000 - 0x00007ffd28297000 	C:\WINDOWS\System32\KERNELBASE.dll
0x00007ffd285f0000 - 0x00007ffd2873b000 	C:\WINDOWS\System32\ucrtbase.dll
0x00007ffd21ad0000 - 0x00007ffd21aeb000 	C:\Program Files\Java\jdk-17\bin\VCRUNTIME140.dll
0x00007ffd21b70000 - 0x00007ffd21b89000 	C:\Program Files\Java\jdk-17\bin\jli.dll
0x00007ffd2a020000 - 0x00007ffd2a0d6000 	C:\WINDOWS\System32\ADVAPI32.dll
0x00007ffd289d0000 - 0x00007ffd28a79000 	C:\WINDOWS\System32\msvcrt.dll
0x00007ffd2a0e0000 - 0x00007ffd2a187000 	C:\WINDOWS\System32\sechost.dll
0x00007ffd29e60000 - 0x00007ffd29f78000 	C:\WINDOWS\System32\RPCRT4.dll
0x00007ffd28fa0000 - 0x00007ffd29166000 	C:\WINDOWS\System32\USER32.dll
0x00007ffd133e0000 - 0x00007ffd13672000 	C:\WINDOWS\WinSxS\amd64_microsoft.windows.common-controls_6595b64144ccf1df_6.0.26100.8457_none_3e0b2faee331e92d\COMCTL32.dll
0x00007ffd28510000 - 0x00007ffd28537000 	C:\WINDOWS\System32\win32u.dll
0x00007ffd29810000 - 0x00007ffd2983b000 	C:\WINDOWS\System32\GDI32.dll
0x00007ffd283e0000 - 0x00007ffd2850c000 	C:\WINDOWS\System32\gdi32full.dll
0x00007ffd1ffb0000 - 0x00007ffd1ffbb000 	C:\WINDOWS\SYSTEM32\VERSION.dll
0x00007ffd282a0000 - 0x00007ffd28343000 	C:\WINDOWS\System32\msvcp_win.dll
0x00007ffd29740000 - 0x00007ffd29772000 	C:\WINDOWS\System32\IMM32.DLL
0x00007ffd21b60000 - 0x00007ffd21b6c000 	C:\Program Files\Java\jdk-17\bin\vcruntime140_1.dll
0x00007ffd1ee50000 - 0x00007ffd1eede000 	C:\Program Files\Java\jdk-17\bin\msvcp140.dll
0x00007ffcc7200000 - 0x00007ffcc7de0000 	C:\Program Files\Java\jdk-17\bin\server\jvm.dll
0x00007ffd2a330000 - 0x00007ffd2a338000 	C:\WINDOWS\System32\PSAPI.DLL
0x00007ffcf1150000 - 0x00007ffcf115a000 	C:\WINDOWS\SYSTEM32\WSOCK32.dll
0x00007ffd1c140000 - 0x00007ffd1c176000 	C:\WINDOWS\SYSTEM32\WINMM.dll
0x00007ffd2a2a0000 - 0x00007ffd2a320000 	C:\WINDOWS\System32\WS2_32.dll
0x00007ffd264e0000 - 0x00007ffd264fb000 	C:\WINDOWS\SYSTEM32\kernel.appcore.dll
0x00007ffd1fd60000 - 0x00007ffd1fd6a000 	C:\Program Files\Java\jdk-17\bin\jimage.dll
0x00007ffd25530000 - 0x00007ffd25772000 	C:\WINDOWS\SYSTEM32\DBGHELP.DLL
0x00007ffd29180000 - 0x00007ffd29503000 	C:\WINDOWS\System32\combase.dll
0x00007ffd28ec0000 - 0x00007ffd28f99000 	C:\WINDOWS\System32\OLEAUT32.dll
0x00007ffd1ea10000 - 0x00007ffd1ea4b000 	C:\WINDOWS\SYSTEM32\dbgcore.DLL
0x00007ffd28540000 - 0x00007ffd285e8000 	C:\WINDOWS\System32\bcryptPrimitives.dll
0x00007ffd12070000 - 0x00007ffd120ab000 	C:\Program Files\Java\jdk-17\bin\jdwp.dll
0x00007ffd22de0000 - 0x00007ffd22dee000 	C:\Program Files\Java\jdk-17\bin\instrument.dll
0x00007ffd1f660000 - 0x00007ffd1f685000 	C:\Program Files\Java\jdk-17\bin\java.dll
0x00007ffcc6fc0000 - 0x00007ffcc71f9000 	C:\Users\asus\AppData\Local\Temp\idea_libasyncProfiler_dll_temp_folder10\libasyncProfiler.dll
0x00007ffd1f4d0000 - 0x00007ffd1f4e8000 	C:\Program Files\Java\jdk-17\bin\zip.dll

dbghelp: loaded successfully - version: 4.0.5 - missing functions: none
symbol engine: initialized successfully - sym options: 0x614 - pdb path: .;C:\Program Files\Java\jdk-17\bin;C:\WINDOWS\SYSTEM32;C:\WINDOWS\WinSxS\amd64_microsoft.windows.common-controls_6595b64144ccf1df_6.0.26100.8457_none_3e0b2faee331e92d;C:\Program Files\Java\jdk-17\bin\server;C:\Users\asus\AppData\Local\Temp\idea_libasyncProfiler_dll_temp_folder10

VM Arguments:
jvm_args: -agentlib:jdwp=transport=dt_socket,address=127.0.0.1:60020,suspend=y,server=n -javaagent:C:\Users\asus\AppData\Local\JetBrains\IntelliJIdea2026.1\captureAgent\debugger-agent.jar=file:///C:/Users/asus/AppData/Local/Temp/capture17929930689784655021.props -agentpath:C:\Users\asus\AppData\Local\Temp\idea_libasyncProfiler_dll_temp_folder10\libasyncProfiler.dll=version,jfr,event=wall,interval=10ms,cstack=no,file=C:\Users\asus\IdeaSnapshots\NewCommunityApplication_2026_06_26_015059.jfr,dbghelppath=C:\Users\asus\AppData\Local\Temp\idea_dbghelp_dll_temp_folder10\dbghelp.dll,log=C:\Users\asus\AppData\Local\Temp\NewCommunityApplication_2026_06_26_015059.jfr.log.txt,logLevel=DEBUG -XX:TieredStopAtLevel=1 -Dspring.output.ansi.enabled=always -Dcom.sun.management.jmxremote -Dspring.jmx.enabled=true -Dspring.liveBeansView.mbeanDomain -Dspring.application.admin.enabled=true -Dmanagement.endpoints.jmx.exposure.include=* -Dkotlinx.coroutines.debug.enable.creation.stack.trace=false -Ddebugger.agent.enable.coroutines=true -Dkotlinx.coroutines.debug.enable.flows.stack.trace=true -Dkotlinx.coroutines.debug.enable.mutable.state.flows.stack.trace=true -Ddebugger.async.stack.trace.for.all.threads=true -Dfile.encoding=UTF-8 
java_command: com.example.newcommunity.NewCommunityApplication
java_class_path (initial): F:\newCommunity\target\classes;C:\Users\asus\.m2\repository\org\mybatis\spring\boot\mybatis-spring-boot-starter\3.0.5\mybatis-spring-boot-starter-3.0.5.jar;C:\Users\asus\.m2\repository\org\springframework\boot\spring-boot-starter\3.5.14\spring-boot-starter-3.5.14.jar;C:\Users\asus\.m2\repository\org\springframework\boot\spring-boot\3.5.14\spring-boot-3.5.14.jar;C:\Users\asus\.m2\repository\org\springframework\boot\spring-boot-autoconfigure\3.5.14\spring-boot-autoconfigure-3.5.14.jar;C:\Users\asus\.m2\repository\org\springframework\boot\spring-boot-starter-logging\3.5.14\spring-boot-starter-logging-3.5.14.jar;C:\Users\asus\.m2\repository\ch\qos\logback\logback-classic\1.5.32\logback-classic-1.5.32.jar;C:\Users\asus\.m2\repository\ch\qos\logback\logback-core\1.5.32\logback-core-1.5.32.jar;C:\Users\asus\.m2\repository\org\apache\logging\log4j\log4j-to-slf4j\2.24.3\log4j-to-slf4j-2.24.3.jar;C:\Users\asus\.m2\repository\org\apache\logging\log4j\log4j-api\2.24.3\log4j-api-2.24.3.jar;C:\Users\asus\.m2\repository\org\slf4j\jul-to-slf4j\2.0.17\jul-to-slf4j-2.0.17.jar;C:\Users\asus\.m2\repository\jakarta\annotation\jakarta.annotation-api\2.1.1\jakarta.annotation-api-2.1.1.jar;C:\Users\asus\.m2\repository\org\yaml\snakeyaml\2.4\snakeyaml-2.4.jar;C:\Users\asus\.m2\repository\org\springframework\boot\spring-boot-starter-jdbc\3.5.14\spring-boot-starter-jdbc-3.5.14.jar;C:\Users\asus\.m2\repository\com\zaxxer\HikariCP\6.3.3\HikariCP-6.3.3.jar;C:\Users\asus\.m2\repository\org\springframework\spring-jdbc\6.2.18\spring-jdbc-6.2.18.jar;C:\Users\asus\.m2\repository\org\mybatis\spring\boot\mybatis-spring-boot-autoconfigure\3.0.5\mybatis-spring-boot-autoconfigure-3.0.5.jar;C:\Users\asus\.m2\repository\org\mybatis\mybatis\3.5.19\mybatis-3.5.19.jar;C:\Users\asus\.m2\repository\org\mybatis\mybatis-spring\3.0.5\mybatis-spring-3.0.5.jar;C:\Users\asus\.m2\repository\org\springframework\boot\spring-boot-starter-mail\3.5.14\spring-boot-starter-mail-3.5.14.jar;C:\Users
Launcher Type: SUN_STANDARD

[Global flags]
     intx CICompilerCount                          = 12                                        {product} {ergonomic}
     uint ConcGCThreads                            = 3                                         {product} {ergonomic}
     uint G1ConcRefinementThreads                  = 13                                        {product} {ergonomic}
   size_t G1HeapRegionSize                         = 2097152                                   {product} {ergonomic}
    uintx GCDrainStackTargetSize                   = 64                                        {product} {ergonomic}
   size_t InitialHeapSize                          = 255852544                                 {product} {ergonomic}
     bool ManagementServer                         = true                                      {product} {command line}
   size_t MarkStackSize                            = 4194304                                   {product} {ergonomic}
   size_t MaxHeapSize                              = 4093640704                                {product} {ergonomic}
   size_t MinHeapDeltaBytes                        = 2097152                                   {product} {ergonomic}
   size_t MinHeapSize                              = 8388608                                   {product} {ergonomic}
    uintx NonProfiledCodeHeapSize                  = 0                                      {pd product} {ergonomic}
     bool ProfileInterpreter                       = false                                  {pd product} {command line}
    uintx ProfiledCodeHeapSize                     = 0                                      {pd product} {ergonomic}
   size_t SoftMaxHeapSize                          = 4093640704                             {manageable} {ergonomic}
     intx TieredStopAtLevel                        = 1                                         {product} {command line}
     bool UseCompressedClassPointers               = true                           {product lp64_product} {ergonomic}
     bool UseCompressedOops                        = true                           {product lp64_product} {ergonomic}
     bool UseG1GC                                  = true                                      {product} {ergonomic}
     bool UseLargePagesIndividualAllocation        = false                                  {pd product} {ergonomic}

Logging:
Log output configuration:
 #0: stdout all=warning uptime,level,tags
 #1: stderr all=off uptime,level,tags

Environment Variables:
JAVA_HOME=C:\Program Files\Java\jdk-17
PATH=C:\Program Files\Java\jdk-17\bin;C:\Program Files (x86)\Common Files\Oracle\Java\javapath;C:\Program Files\Java\jdk-17\jre\bin;C:\Program Files\Common Files\Oracle\Java\javapath;C:\Windows\system32;C:\Windows;C:\Windows\System32\Wbem;C:\Windows\System32\WindowsPowerShell\v1.0\;C:\Windows\System32\OpenSSH\;C:\Program Files (x86)\NVIDIA Corporation\PhysX\Common;C:\Program Files\NVIDIA Corporation\NVIDIA NvDLISR;C:\Program Files\apache-maven-3.9.9\bin;C:\WINDOWS\system32;C:\WINDOWS;C:\WINDOWS\System32\Wbem;C:\WINDOWS\System32\WindowsPowerShell\v1.0\;C:\WINDOWS\System32\OpenSSH\;C:\Program Files\Git\cmd;C:\Program Files\Git\cmd\git.exe;C:\Program Files\Git\mingw64\bin\git.exe;F:\openjdk-17.0.2_windows-x64_bin\jdk-17.0.2;C:\my-python-project\python-3.14.0-amd64.exe;C:\Program Files\Tencent\QQNT\;C:\Program Files\nodejs\;C:\Users\asus\AppData\Local\Programs\Python\Python310\Scripts\;C:\Users\asus\AppData\Local\Programs\Python\Python310\;C:\Users\asus\AppData\Local\Programs\Python\Python39\Scripts\;C:\Users\asus\AppData\Local\Programs\Python\Python39\;C:\Users\asus\AppData\Local\Microsoft\WindowsApps;C:\Users\asus\root\bin;C:\Users\asus\.cjpm\bin;C:\Users\asus\.cjpm\bin;C:\Users\asus\cangjie5318\bin;C:\Users\asus\cangjie5318\tools\bin;C:\Users\asus\cangjie5318\runtime\lib\windows_x86_64_llvm;C:\Users\asus\cangjie5318\tools\lib;C:\Users\asus\Desktop\Arduino IDE.lnk;C:\Users\asus\IntelliJ IDEA Community Edition 2025.1.1.1\bin;;C:\Program Files\nodejs\node_global;C:\Users\asus\AppData\Roaming\Python\Scripts;C:\Program Files\JetBrains\PyCharm 2026.1.2\bin;E:\DataGrip 2026.1.3\bin;C:\Users\asus\AppData\Roaming\npm;C:\Program Files\nodejs\node.exe;;E:\IntelliJ IDEA 2026.1.2\bin;F:\DevEco Studio\bin;
USERNAME=asus
OS=Windows_NT
PROCESSOR_IDENTIFIER=AMD64 Family 25 Model 68 Stepping 1, AuthenticAMD



---------------  S Y S T E M  ---------------

OS:
 Windows 11 , 64 bit Build 26100 (10.0.26100.8328)
OS uptime: 0 days 11:06 hours
Hyper-V role detected

CPU: total 16 (initial active 16) (16 cores per cpu, 2 threads per core) family 25 model 68 stepping 1 microcode 0xa404102, cx8, cmov, fxsr, ht, mmx, 3dnowpref, sse, sse2, sse3, ssse3, sse4a, sse4.1, sse4.2, popcnt, lzcnt, tsc, tscinvbit, avx, avx2, aes, erms, clmul, bmi1, bmi2, adx, sha, fma, vzeroupper, clflush, clflushopt, hv

Memory: 4k page, system-wide physical 15614M (2078M free)
TotalPageFile size 19271M (AvailPageFile size 69M)
current process WorkingSet (physical memory assigned to process): 15M, peak: 15M
current process commit charge ("private bytes"): 77M, peak: 321M

vm_info: Java HotSpot(TM) 64-Bit Server VM (17.0.17+8-LTS-360) for windows-amd64 JRE (17.0.17+8-LTS-360), built on Sep 27 2025 05:17:01 by "mach5run" with MS VC++ 17.6 (VS2022)

END.
