#
# There is insufficient memory for the Java Runtime Environment to continue.
# Native memory allocation (malloc) failed to allocate 978016 bytes for Chunk::new
# Possible reasons:
#   The system is out of physical RAM or swap space
#   The process is running with CompressedOops enabled, and the Java Heap may be blocking the growth of the native heap
# Possible solutions:
#   Reduce memory load on the system
#   Increase physical memory or swap space
#   Check if swap backing store is full
#   Decrease Java heap size (-Xmx/-Xms)
#   Decrease number of Java threads
#   Decrease Java thread stack sizes (-Xss)
#   Set larger code cache with -XX:ReservedCodeCacheSize=
#   JVM is running with Zero Based Compressed Oops mode in which the Java heap is
#     placed in the first 32GB address space. The Java Heap base address is the
#     maximum limit for the native heap growth. Please use -XX:HeapBaseMinAddress
#     to set the Java Heap base and to place the Java Heap above 32GB virtual address.
# This output file may be truncated or incomplete.
#
#  Out of Memory Error (arena.cpp:189), pid=7728, tid=12216
#
# JRE version: Java(TM) SE Runtime Environment (17.0.17+8) (build 17.0.17+8-LTS-360)
# Java VM: Java HotSpot(TM) 64-Bit Server VM (17.0.17+8-LTS-360, mixed mode, sharing, tiered, compressed oops, compressed class ptrs, g1 gc, windows-amd64)
# No core dump will be written. Minidumps are not enabled by default on client versions of Windows
#

---------------  S U M M A R Y ------------

Command Line: -Dclassworlds.conf=C:\Program Files\apache-maven-3.9.9\bin\m2.conf -Dmaven.home=C:\Program Files\apache-maven-3.9.9 -Dlibrary.jansi.path=C:\Program Files\apache-maven-3.9.9\lib\jansi-native -Dmaven.multiModuleProjectDirectory=F:\newCommunity org.codehaus.plexus.classworlds.launcher.Launcher clean compile

Host: AMD Ryzen 7 6800H with Radeon Graphics         , 16 cores, 15G,  Windows 11 , 64 bit Build 26100 (10.0.26100.8328)
Time: Fri Jun 26 01:49:32 2026  Windows 11 , 64 bit Build 26100 (10.0.26100.8328) elapsed time: 1.957147 seconds (0d 0h 0m 1s)

---------------  T H R E A D  ---------------

Current thread (0x0000026ebf290470):  JavaThread "C2 CompilerThread0" daemon [_thread_in_native, id=12216, stack(0x000000f976d00000,0x000000f976e00000)]


Current CompileTask:
C2:   1957 1904   !   4       java.net.URL::<init> (543 bytes)

Stack: [0x000000f976d00000,0x000000f976e00000]
Native frames: (J=compiled Java code, j=interpreted, Vv=VM code, C=native code)
V  [jvm.dll+0x67a0ea]
V  [jvm.dll+0x7da56d]
V  [jvm.dll+0x7dbeb3]
V  [jvm.dll+0x7dc523]
V  [jvm.dll+0x2453af]
V  [jvm.dll+0xab763]
V  [jvm.dll+0xabd2c]
V  [jvm.dll+0x2aa82f]
V  [jvm.dll+0x581e19]
V  [jvm.dll+0x21f742]
V  [jvm.dll+0x21fb3f]
V  [jvm.dll+0x218dc0]
V  [jvm.dll+0x215e85]
V  [jvm.dll+0x1a2b50]
V  [jvm.dll+0x22642b]
V  [jvm.dll+0x2245cb]
V  [jvm.dll+0x790964]
V  [jvm.dll+0x78af4a]
V  [jvm.dll+0x678fd5]
C  [ucrtbase.dll+0x37b0]
C  [KERNEL32.DLL+0x2e957]
C  [ntdll.dll+0x427c]


---------------  P R O C E S S  ---------------

Threads class SMR info:
_java_thread_list=0x0000026f05a62f60, length=19, elements={
0x0000026e9c002360, 0x0000026ebf254270, 0x0000026ebf255790, 0x0000026ebf285fb0,
0x0000026ebf28c410, 0x0000026ebf28ccd0, 0x0000026ebf28e100, 0x0000026ebf290470,
0x0000026ebf29d080, 0x0000026ebf29e190, 0x0000026ebf299de0, 0x0000026ebf29a2f0,
0x0000026ebf3ef900, 0x0000026ebf3fb640, 0x0000026ebf29bc40, 0x0000026ebf29c660,
0x0000026ebf29ad10, 0x0000026ebf29c150, 0x0000026ebf29cb70
}

Java Threads: ( => current thread )
  0x0000026e9c002360 JavaThread "main" [_thread_in_vm, id=14216, stack(0x000000f976000000,0x000000f976100000)]
  0x0000026ebf254270 JavaThread "Reference Handler" daemon [_thread_blocked, id=20992, stack(0x000000f976700000,0x000000f976800000)]
  0x0000026ebf255790 JavaThread "Finalizer" daemon [_thread_blocked, id=1088, stack(0x000000f976800000,0x000000f976900000)]
  0x0000026ebf285fb0 JavaThread "Signal Dispatcher" daemon [_thread_blocked, id=6912, stack(0x000000f976900000,0x000000f976a00000)]
  0x0000026ebf28c410 JavaThread "Attach Listener" daemon [_thread_blocked, id=12568, stack(0x000000f976a00000,0x000000f976b00000)]
  0x0000026ebf28ccd0 JavaThread "Service Thread" daemon [_thread_blocked, id=3396, stack(0x000000f976b00000,0x000000f976c00000)]
  0x0000026ebf28e100 JavaThread "Monitor Deflation Thread" daemon [_thread_blocked, id=24392, stack(0x000000f976c00000,0x000000f976d00000)]
=>0x0000026ebf290470 JavaThread "C2 CompilerThread0" daemon [_thread_in_native, id=12216, stack(0x000000f976d00000,0x000000f976e00000)]
  0x0000026ebf29d080 JavaThread "C1 CompilerThread0" daemon [_thread_blocked, id=25068, stack(0x000000f976e00000,0x000000f976f00000)]
  0x0000026ebf29e190 JavaThread "Sweeper thread" daemon [_thread_blocked, id=17212, stack(0x000000f976f00000,0x000000f977000000)]
  0x0000026ebf299de0 JavaThread "C1 CompilerThread1" daemon [_thread_blocked, id=20160, stack(0x000000f977000000,0x000000f977100000)]
  0x0000026ebf29a2f0 JavaThread "C1 CompilerThread2" daemon [_thread_blocked, id=4816, stack(0x000000f977100000,0x000000f977200000)]
  0x0000026ebf3ef900 JavaThread "Notification Thread" daemon [_thread_blocked, id=16176, stack(0x000000f977200000,0x000000f977300000)]
  0x0000026ebf3fb640 JavaThread "Common-Cleaner" daemon [_thread_blocked, id=13976, stack(0x000000f977400000,0x000000f977500000)]
  0x0000026ebf29bc40 JavaThread "C2 CompilerThread1" daemon [_thread_blocked, id=20900, stack(0x000000f977500000,0x000000f977600000)]
  0x0000026ebf29c660 JavaThread "C1 CompilerThread3" daemon [_thread_blocked, id=15164, stack(0x000000f977600000,0x000000f977700000)]
  0x0000026ebf29ad10 JavaThread "C2 CompilerThread2" daemon [_thread_blocked, id=20748, stack(0x000000f977700000,0x000000f977800000)]
  0x0000026ebf29c150 JavaThread "C2 CompilerThread3" daemon [_thread_blocked, id=6092, stack(0x000000f977800000,0x000000f977900000)]
  0x0000026ebf29cb70 JavaThread "C2 CompilerThread4" daemon [_thread_in_native, id=22316, stack(0x000000f977900000,0x000000f977a00000)]

Other Threads:
  0x0000026ebf24dd50 VMThread "VM Thread" [stack: 0x000000f976600000,0x000000f976700000] [id=5704]
  0x0000026e9c090220 WatcherThread [stack: 0x000000f977300000,0x000000f977400000] [id=19720]
  0x0000026e9c06fa20 GCTaskThread "GC Thread#0" [stack: 0x000000f976100000,0x000000f976200000] [id=17592]
  0x0000026ebfcc6b70 GCTaskThread "GC Thread#1" [stack: 0x000000f977d00000,0x000000f977e00000] [id=12440]
  0x0000026f050edbb0 GCTaskThread "GC Thread#2" [stack: 0x000000f977e00000,0x000000f977f00000] [id=2192]
  0x0000026ebf5262e0 GCTaskThread "GC Thread#3" [stack: 0x000000f977f00000,0x000000f978000000] [id=18680]
  0x0000026f0533d660 GCTaskThread "GC Thread#4" [stack: 0x000000f978000000,0x000000f978100000] [id=13228]
  0x0000026ebfe08f70 GCTaskThread "GC Thread#5" [stack: 0x000000f978100000,0x000000f978200000] [id=19060]
  0x0000026f0538bb10 GCTaskThread "GC Thread#6" [stack: 0x000000f978200000,0x000000f978300000] [id=16336]
  0x0000026f06026060 GCTaskThread "GC Thread#7" [stack: 0x000000f978300000,0x000000f978400000] [id=14500]
  0x0000026f05668e60 GCTaskThread "GC Thread#8" [stack: 0x000000f978400000,0x000000f978500000] [id=11196]
  0x0000026e9c083960 ConcurrentGCThread "G1 Main Marker" [stack: 0x000000f976200000,0x000000f976300000] [id=24632]
  0x0000026e9c084a10 ConcurrentGCThread "G1 Conc#0" [stack: 0x000000f976300000,0x000000f976400000] [id=22900]
  0x0000026ebf0e91d0 ConcurrentGCThread "G1 Refine#0" [stack: 0x000000f976400000,0x000000f976500000] [id=24732]
  0x0000026ebf0e9a10 ConcurrentGCThread "G1 Service" [stack: 0x000000f976500000,0x000000f976600000] [id=16532]

Threads with active compile tasks:
C2 CompilerThread0     1993 1904   !   4       java.net.URL::<init> (543 bytes)
C2 CompilerThread4     1993 2024       4       java.lang.reflect.Method::<init> (68 bytes)

VM state: not at safepoint (normal execution)

VM Mutex/Monitor currently owned by a thread: None

Heap address: 0x000000070c000000, size: 3904 MB, Compressed Oops mode: Zero based, Oop shift amount: 3

CDS archive(s) mapped at: [0x0000026ec0000000-0x0000026ec0bd0000-0x0000026ec0bd0000), size 12386304, SharedBaseAddress: 0x0000026ec0000000, ArchiveRelocationMode: 1.
Compressed class space mapped at: 0x0000026ec1000000-0x0000026f01000000, reserved size: 1073741824
Narrow klass base: 0x0000026ec0000000, Narrow klass shift: 0, Narrow klass range: 0x100000000

GC Precious Log:
 CPUs: 16 total, 16 available
 Memory: 15614M
 Large Page Support: Disabled
 NUMA Support: Disabled
 Compressed Oops: Enabled (Zero based)
 Heap Region Size: 2M
 Heap Min Capacity: 8M
 Heap Initial Capacity: 244M
 Heap Max Capacity: 3904M
 Pre-touch: Disabled
 Parallel Workers: 13
 Concurrent Workers: 3
 Concurrent Refinement Workers: 13
 Periodic GC: Disabled

Heap:
 garbage-first heap   total 249856K, used 19503K [0x000000070c000000, 0x0000000800000000)
  region size 2048K, 9 young (18432K), 1 survivors (2048K)
 Metaspace       used 11095K, committed 11200K, reserved 1114112K
  class space    used 1350K, committed 1408K, reserved 1048576K

Heap Regions: E=young(eden), S=young(survivor), O=old, HS=humongous(starts), HC=humongous(continues), CS=collection set, F=free, OA=open archive, CA=closed archive, TAMS=top-at-mark-start (previous, next)
|   0|0x000000070c000000, 0x000000070c200000, 0x000000070c200000|100%| O|  |TAMS 0x000000070c000000, 0x000000070c000000| Untracked 
|   1|0x000000070c200000, 0x000000070c3a2e00, 0x000000070c400000| 81%| O|  |TAMS 0x000000070c200000, 0x000000070c200000| Untracked 
|   2|0x000000070c400000, 0x000000070c400000, 0x000000070c600000|  0%| F|  |TAMS 0x000000070c400000, 0x000000070c400000| Untracked 
|   3|0x000000070c600000, 0x000000070c600000, 0x000000070c800000|  0%| F|  |TAMS 0x000000070c600000, 0x000000070c600000| Untracked 
|   4|0x000000070c800000, 0x000000070c800000, 0x000000070ca00000|  0%| F|  |TAMS 0x000000070c800000, 0x000000070c800000| Untracked 
|   5|0x000000070ca00000, 0x000000070ca00000, 0x000000070cc00000|  0%| F|  |TAMS 0x000000070ca00000, 0x000000070ca00000| Untracked 
|   6|0x000000070cc00000, 0x000000070cc00000, 0x000000070ce00000|  0%| F|  |TAMS 0x000000070cc00000, 0x000000070cc00000| Untracked 
|   7|0x000000070ce00000, 0x000000070ce00000, 0x000000070d000000|  0%| F|  |TAMS 0x000000070ce00000, 0x000000070ce00000| Untracked 
|   8|0x000000070d000000, 0x000000070d000000, 0x000000070d200000|  0%| F|  |TAMS 0x000000070d000000, 0x000000070d000000| Untracked 
|   9|0x000000070d200000, 0x000000070d200000, 0x000000070d400000|  0%| F|  |TAMS 0x000000070d200000, 0x000000070d200000| Untracked 
|  10|0x000000070d400000, 0x000000070d400000, 0x000000070d600000|  0%| F|  |TAMS 0x000000070d400000, 0x000000070d400000| Untracked 
|  11|0x000000070d600000, 0x000000070d600000, 0x000000070d800000|  0%| F|  |TAMS 0x000000070d600000, 0x000000070d600000| Untracked 
|  12|0x000000070d800000, 0x000000070d800000, 0x000000070da00000|  0%| F|  |TAMS 0x000000070d800000, 0x000000070d800000| Untracked 
|  13|0x000000070da00000, 0x000000070da00000, 0x000000070dc00000|  0%| F|  |TAMS 0x000000070da00000, 0x000000070da00000| Untracked 
|  14|0x000000070dc00000, 0x000000070dc00000, 0x000000070de00000|  0%| F|  |TAMS 0x000000070dc00000, 0x000000070dc00000| Untracked 
|  15|0x000000070de00000, 0x000000070de00000, 0x000000070e000000|  0%| F|  |TAMS 0x000000070de00000, 0x000000070de00000| Untracked 
|  16|0x000000070e000000, 0x000000070e000000, 0x000000070e200000|  0%| F|  |TAMS 0x000000070e000000, 0x000000070e000000| Untracked 
|  17|0x000000070e200000, 0x000000070e200000, 0x000000070e400000|  0%| F|  |TAMS 0x000000070e200000, 0x000000070e200000| Untracked 
|  18|0x000000070e400000, 0x000000070e400000, 0x000000070e600000|  0%| F|  |TAMS 0x000000070e400000, 0x000000070e400000| Untracked 
|  19|0x000000070e600000, 0x000000070e600000, 0x000000070e800000|  0%| F|  |TAMS 0x000000070e600000, 0x000000070e600000| Untracked 
|  20|0x000000070e800000, 0x000000070e800000, 0x000000070ea00000|  0%| F|  |TAMS 0x000000070e800000, 0x000000070e800000| Untracked 
|  21|0x000000070ea00000, 0x000000070ea00000, 0x000000070ec00000|  0%| F|  |TAMS 0x000000070ea00000, 0x000000070ea00000| Untracked 
|  22|0x000000070ec00000, 0x000000070ec00000, 0x000000070ee00000|  0%| F|  |TAMS 0x000000070ec00000, 0x000000070ec00000| Untracked 
|  23|0x000000070ee00000, 0x000000070ee00000, 0x000000070f000000|  0%| F|  |TAMS 0x000000070ee00000, 0x000000070ee00000| Untracked 
|  24|0x000000070f000000, 0x000000070f000000, 0x000000070f200000|  0%| F|  |TAMS 0x000000070f000000, 0x000000070f000000| Untracked 
|  25|0x000000070f200000, 0x000000070f200000, 0x000000070f400000|  0%| F|  |TAMS 0x000000070f200000, 0x000000070f200000| Untracked 
|  26|0x000000070f400000, 0x000000070f400000, 0x000000070f600000|  0%| F|  |TAMS 0x000000070f400000, 0x000000070f400000| Untracked 
|  27|0x000000070f600000, 0x000000070f600000, 0x000000070f800000|  0%| F|  |TAMS 0x000000070f600000, 0x000000070f600000| Untracked 
|  28|0x000000070f800000, 0x000000070f800000, 0x000000070fa00000|  0%| F|  |TAMS 0x000000070f800000, 0x000000070f800000| Untracked 
|  29|0x000000070fa00000, 0x000000070fa00000, 0x000000070fc00000|  0%| F|  |TAMS 0x000000070fa00000, 0x000000070fa00000| Untracked 
|  30|0x000000070fc00000, 0x000000070fc00000, 0x000000070fe00000|  0%| F|  |TAMS 0x000000070fc00000, 0x000000070fc00000| Untracked 
|  31|0x000000070fe00000, 0x000000070fe00000, 0x0000000710000000|  0%| F|  |TAMS 0x000000070fe00000, 0x000000070fe00000| Untracked 
|  32|0x0000000710000000, 0x0000000710000000, 0x0000000710200000|  0%| F|  |TAMS 0x0000000710000000, 0x0000000710000000| Untracked 
|  33|0x0000000710200000, 0x0000000710200000, 0x0000000710400000|  0%| F|  |TAMS 0x0000000710200000, 0x0000000710200000| Untracked 
|  34|0x0000000710400000, 0x0000000710400000, 0x0000000710600000|  0%| F|  |TAMS 0x0000000710400000, 0x0000000710400000| Untracked 
|  35|0x0000000710600000, 0x0000000710600000, 0x0000000710800000|  0%| F|  |TAMS 0x0000000710600000, 0x0000000710600000| Untracked 
|  36|0x0000000710800000, 0x0000000710800000, 0x0000000710a00000|  0%| F|  |TAMS 0x0000000710800000, 0x0000000710800000| Untracked 
|  37|0x0000000710a00000, 0x0000000710a00000, 0x0000000710c00000|  0%| F|  |TAMS 0x0000000710a00000, 0x0000000710a00000| Untracked 
|  38|0x0000000710c00000, 0x0000000710c00000, 0x0000000710e00000|  0%| F|  |TAMS 0x0000000710c00000, 0x0000000710c00000| Untracked 
|  39|0x0000000710e00000, 0x0000000710e00000, 0x0000000711000000|  0%| F|  |TAMS 0x0000000710e00000, 0x0000000710e00000| Untracked 
|  40|0x0000000711000000, 0x0000000711000000, 0x0000000711200000|  0%| F|  |TAMS 0x0000000711000000, 0x0000000711000000| Untracked 
|  41|0x0000000711200000, 0x0000000711200000, 0x0000000711400000|  0%| F|  |TAMS 0x0000000711200000, 0x0000000711200000| Untracked 
|  42|0x0000000711400000, 0x0000000711400000, 0x0000000711600000|  0%| F|  |TAMS 0x0000000711400000, 0x0000000711400000| Untracked 
|  43|0x0000000711600000, 0x0000000711600000, 0x0000000711800000|  0%| F|  |TAMS 0x0000000711600000, 0x0000000711600000| Untracked 
|  44|0x0000000711800000, 0x0000000711800000, 0x0000000711a00000|  0%| F|  |TAMS 0x0000000711800000, 0x0000000711800000| Untracked 
|  45|0x0000000711a00000, 0x0000000711a00000, 0x0000000711c00000|  0%| F|  |TAMS 0x0000000711a00000, 0x0000000711a00000| Untracked 
|  46|0x0000000711c00000, 0x0000000711c00000, 0x0000000711e00000|  0%| F|  |TAMS 0x0000000711c00000, 0x0000000711c00000| Untracked 
|  47|0x0000000711e00000, 0x0000000711e00000, 0x0000000712000000|  0%| F|  |TAMS 0x0000000711e00000, 0x0000000711e00000| Untracked 
|  48|0x0000000712000000, 0x0000000712000000, 0x0000000712200000|  0%| F|  |TAMS 0x0000000712000000, 0x0000000712000000| Untracked 
|  49|0x0000000712200000, 0x0000000712200000, 0x0000000712400000|  0%| F|  |TAMS 0x0000000712200000, 0x0000000712200000| Untracked 
|  50|0x0000000712400000, 0x0000000712400000, 0x0000000712600000|  0%| F|  |TAMS 0x0000000712400000, 0x0000000712400000| Untracked 
|  51|0x0000000712600000, 0x0000000712600000, 0x0000000712800000|  0%| F|  |TAMS 0x0000000712600000, 0x0000000712600000| Untracked 
|  52|0x0000000712800000, 0x0000000712800000, 0x0000000712a00000|  0%| F|  |TAMS 0x0000000712800000, 0x0000000712800000| Untracked 
|  53|0x0000000712a00000, 0x0000000712a00000, 0x0000000712c00000|  0%| F|  |TAMS 0x0000000712a00000, 0x0000000712a00000| Untracked 
|  54|0x0000000712c00000, 0x0000000712c00000, 0x0000000712e00000|  0%| F|  |TAMS 0x0000000712c00000, 0x0000000712c00000| Untracked 
|  55|0x0000000712e00000, 0x0000000712e00000, 0x0000000713000000|  0%| F|  |TAMS 0x0000000712e00000, 0x0000000712e00000| Untracked 
|  56|0x0000000713000000, 0x0000000713000000, 0x0000000713200000|  0%| F|  |TAMS 0x0000000713000000, 0x0000000713000000| Untracked 
|  57|0x0000000713200000, 0x0000000713200000, 0x0000000713400000|  0%| F|  |TAMS 0x0000000713200000, 0x0000000713200000| Untracked 
|  58|0x0000000713400000, 0x0000000713400000, 0x0000000713600000|  0%| F|  |TAMS 0x0000000713400000, 0x0000000713400000| Untracked 
|  59|0x0000000713600000, 0x0000000713600000, 0x0000000713800000|  0%| F|  |TAMS 0x0000000713600000, 0x0000000713600000| Untracked 
|  60|0x0000000713800000, 0x0000000713800000, 0x0000000713a00000|  0%| F|  |TAMS 0x0000000713800000, 0x0000000713800000| Untracked 
|  61|0x0000000713a00000, 0x0000000713a00000, 0x0000000713c00000|  0%| F|  |TAMS 0x0000000713a00000, 0x0000000713a00000| Untracked 
|  62|0x0000000713c00000, 0x0000000713c00000, 0x0000000713e00000|  0%| F|  |TAMS 0x0000000713c00000, 0x0000000713c00000| Untracked 
|  63|0x0000000713e00000, 0x0000000713e00000, 0x0000000714000000|  0%| F|  |TAMS 0x0000000713e00000, 0x0000000713e00000| Untracked 
|  64|0x0000000714000000, 0x0000000714000000, 0x0000000714200000|  0%| F|  |TAMS 0x0000000714000000, 0x0000000714000000| Untracked 
|  65|0x0000000714200000, 0x0000000714200000, 0x0000000714400000|  0%| F|  |TAMS 0x0000000714200000, 0x0000000714200000| Untracked 
|  66|0x0000000714400000, 0x0000000714400000, 0x0000000714600000|  0%| F|  |TAMS 0x0000000714400000, 0x0000000714400000| Untracked 
|  67|0x0000000714600000, 0x0000000714600000, 0x0000000714800000|  0%| F|  |TAMS 0x0000000714600000, 0x0000000714600000| Untracked 
|  68|0x0000000714800000, 0x0000000714800000, 0x0000000714a00000|  0%| F|  |TAMS 0x0000000714800000, 0x0000000714800000| Untracked 
|  69|0x0000000714a00000, 0x0000000714a00000, 0x0000000714c00000|  0%| F|  |TAMS 0x0000000714a00000, 0x0000000714a00000| Untracked 
|  70|0x0000000714c00000, 0x0000000714c00000, 0x0000000714e00000|  0%| F|  |TAMS 0x0000000714c00000, 0x0000000714c00000| Untracked 
|  71|0x0000000714e00000, 0x0000000714e00000, 0x0000000715000000|  0%| F|  |TAMS 0x0000000714e00000, 0x0000000714e00000| Untracked 
|  72|0x0000000715000000, 0x0000000715000000, 0x0000000715200000|  0%| F|  |TAMS 0x0000000715000000, 0x0000000715000000| Untracked 
|  73|0x0000000715200000, 0x0000000715200000, 0x0000000715400000|  0%| F|  |TAMS 0x0000000715200000, 0x0000000715200000| Untracked 
|  74|0x0000000715400000, 0x0000000715400000, 0x0000000715600000|  0%| F|  |TAMS 0x0000000715400000, 0x0000000715400000| Untracked 
|  75|0x0000000715600000, 0x0000000715600000, 0x0000000715800000|  0%| F|  |TAMS 0x0000000715600000, 0x0000000715600000| Untracked 
|  76|0x0000000715800000, 0x0000000715800000, 0x0000000715a00000|  0%| F|  |TAMS 0x0000000715800000, 0x0000000715800000| Untracked 
|  77|0x0000000715a00000, 0x0000000715a00000, 0x0000000715c00000|  0%| F|  |TAMS 0x0000000715a00000, 0x0000000715a00000| Untracked 
|  78|0x0000000715c00000, 0x0000000715c00000, 0x0000000715e00000|  0%| F|  |TAMS 0x0000000715c00000, 0x0000000715c00000| Untracked 
|  79|0x0000000715e00000, 0x0000000715e00000, 0x0000000716000000|  0%| F|  |TAMS 0x0000000715e00000, 0x0000000715e00000| Untracked 
|  80|0x0000000716000000, 0x0000000716000000, 0x0000000716200000|  0%| F|  |TAMS 0x0000000716000000, 0x0000000716000000| Untracked 
|  81|0x0000000716200000, 0x0000000716200000, 0x0000000716400000|  0%| F|  |TAMS 0x0000000716200000, 0x0000000716200000| Untracked 
|  82|0x0000000716400000, 0x0000000716400000, 0x0000000716600000|  0%| F|  |TAMS 0x0000000716400000, 0x0000000716400000| Untracked 
|  83|0x0000000716600000, 0x0000000716600000, 0x0000000716800000|  0%| F|  |TAMS 0x0000000716600000, 0x0000000716600000| Untracked 
|  84|0x0000000716800000, 0x0000000716800000, 0x0000000716a00000|  0%| F|  |TAMS 0x0000000716800000, 0x0000000716800000| Untracked 
|  85|0x0000000716a00000, 0x0000000716a00000, 0x0000000716c00000|  0%| F|  |TAMS 0x0000000716a00000, 0x0000000716a00000| Untracked 
|  86|0x0000000716c00000, 0x0000000716c00000, 0x0000000716e00000|  0%| F|  |TAMS 0x0000000716c00000, 0x0000000716c00000| Untracked 
|  87|0x0000000716e00000, 0x0000000716e00000, 0x0000000717000000|  0%| F|  |TAMS 0x0000000716e00000, 0x0000000716e00000| Untracked 
|  88|0x0000000717000000, 0x0000000717000000, 0x0000000717200000|  0%| F|  |TAMS 0x0000000717000000, 0x0000000717000000| Untracked 
|  89|0x0000000717200000, 0x0000000717200000, 0x0000000717400000|  0%| F|  |TAMS 0x0000000717200000, 0x0000000717200000| Untracked 
|  90|0x0000000717400000, 0x0000000717400000, 0x0000000717600000|  0%| F|  |TAMS 0x0000000717400000, 0x0000000717400000| Untracked 
|  91|0x0000000717600000, 0x0000000717600000, 0x0000000717800000|  0%| F|  |TAMS 0x0000000717600000, 0x0000000717600000| Untracked 
|  92|0x0000000717800000, 0x0000000717800000, 0x0000000717a00000|  0%| F|  |TAMS 0x0000000717800000, 0x0000000717800000| Untracked 
|  93|0x0000000717a00000, 0x0000000717a00000, 0x0000000717c00000|  0%| F|  |TAMS 0x0000000717a00000, 0x0000000717a00000| Untracked 
|  94|0x0000000717c00000, 0x0000000717c00000, 0x0000000717e00000|  0%| F|  |TAMS 0x0000000717c00000, 0x0000000717c00000| Untracked 
|  95|0x0000000717e00000, 0x0000000717e00000, 0x0000000718000000|  0%| F|  |TAMS 0x0000000717e00000, 0x0000000717e00000| Untracked 
|  96|0x0000000718000000, 0x0000000718000000, 0x0000000718200000|  0%| F|  |TAMS 0x0000000718000000, 0x0000000718000000| Untracked 
|  97|0x0000000718200000, 0x0000000718200000, 0x0000000718400000|  0%| F|  |TAMS 0x0000000718200000, 0x0000000718200000| Untracked 
|  98|0x0000000718400000, 0x0000000718400000, 0x0000000718600000|  0%| F|  |TAMS 0x0000000718400000, 0x0000000718400000| Untracked 
|  99|0x0000000718600000, 0x0000000718600000, 0x0000000718800000|  0%| F|  |TAMS 0x0000000718600000, 0x0000000718600000| Untracked 
| 100|0x0000000718800000, 0x0000000718800000, 0x0000000718a00000|  0%| F|  |TAMS 0x0000000718800000, 0x0000000718800000| Untracked 
| 101|0x0000000718a00000, 0x0000000718a00000, 0x0000000718c00000|  0%| F|  |TAMS 0x0000000718a00000, 0x0000000718a00000| Untracked 
| 102|0x0000000718c00000, 0x0000000718c00000, 0x0000000718e00000|  0%| F|  |TAMS 0x0000000718c00000, 0x0000000718c00000| Untracked 
| 103|0x0000000718e00000, 0x0000000718e00000, 0x0000000719000000|  0%| F|  |TAMS 0x0000000718e00000, 0x0000000718e00000| Untracked 
| 104|0x0000000719000000, 0x0000000719000000, 0x0000000719200000|  0%| F|  |TAMS 0x0000000719000000, 0x0000000719000000| Untracked 
| 105|0x0000000719200000, 0x0000000719200000, 0x0000000719400000|  0%| F|  |TAMS 0x0000000719200000, 0x0000000719200000| Untracked 
| 106|0x0000000719400000, 0x0000000719568fb8, 0x0000000719600000| 70%| S|CS|TAMS 0x0000000719400000, 0x0000000719400000| Complete 
| 107|0x0000000719600000, 0x0000000719600000, 0x0000000719800000|  0%| F|  |TAMS 0x0000000719600000, 0x0000000719600000| Untracked 
| 108|0x0000000719800000, 0x0000000719800000, 0x0000000719a00000|  0%| F|  |TAMS 0x0000000719800000, 0x0000000719800000| Untracked 
| 109|0x0000000719a00000, 0x0000000719a00000, 0x0000000719c00000|  0%| F|  |TAMS 0x0000000719a00000, 0x0000000719a00000| Untracked 
| 110|0x0000000719c00000, 0x0000000719c00000, 0x0000000719e00000|  0%| F|  |TAMS 0x0000000719c00000, 0x0000000719c00000| Untracked 
| 111|0x0000000719e00000, 0x0000000719e00000, 0x000000071a000000|  0%| F|  |TAMS 0x0000000719e00000, 0x0000000719e00000| Untracked 
| 112|0x000000071a000000, 0x000000071a000000, 0x000000071a200000|  0%| F|  |TAMS 0x000000071a000000, 0x000000071a000000| Untracked 
| 113|0x000000071a200000, 0x000000071a200000, 0x000000071a400000|  0%| F|  |TAMS 0x000000071a200000, 0x000000071a200000| Untracked 
| 114|0x000000071a400000, 0x000000071a500800, 0x000000071a600000| 50%| E|  |TAMS 0x000000071a400000, 0x000000071a400000| Complete 
| 115|0x000000071a600000, 0x000000071a800000, 0x000000071a800000|100%| E|CS|TAMS 0x000000071a600000, 0x000000071a600000| Complete 
| 116|0x000000071a800000, 0x000000071aa00000, 0x000000071aa00000|100%| E|CS|TAMS 0x000000071a800000, 0x000000071a800000| Complete 
| 117|0x000000071aa00000, 0x000000071ac00000, 0x000000071ac00000|100%| E|CS|TAMS 0x000000071aa00000, 0x000000071aa00000| Complete 
| 118|0x000000071ac00000, 0x000000071ae00000, 0x000000071ae00000|100%| E|CS|TAMS 0x000000071ac00000, 0x000000071ac00000| Complete 
| 119|0x000000071ae00000, 0x000000071b000000, 0x000000071b000000|100%| E|CS|TAMS 0x000000071ae00000, 0x000000071ae00000| Complete 
| 120|0x000000071b000000, 0x000000071b200000, 0x000000071b200000|100%| E|CS|TAMS 0x000000071b000000, 0x000000071b000000| Complete 
| 121|0x000000071b200000, 0x000000071b400000, 0x000000071b400000|100%| E|CS|TAMS 0x000000071b200000, 0x000000071b200000| Complete 

Card table byte_map: [0x0000026eb3950000,0x0000026eb40f0000] _byte_map_base: 0x0000026eb00f0000

Marking Bits (Prev, Next): (CMBitMap*) 0x0000026e9c06ff40, (CMBitMap*) 0x0000026e9c06ff80
 Prev Bits: [0x0000026eb4890000, 0x0000026eb8590000)
 Next Bits: [0x0000026eb8590000, 0x0000026ebc290000)

Polling page: 0x0000026e99f60000

Metaspace:

Usage:
  Non-class:      9.54 MB used.
      Class:      1.32 MB used.
       Both:     10.87 MB used.

Virtual space:
  Non-class space:       64.00 MB reserved,       9.62 MB ( 15%) committed,  1 nodes.
      Class space:        1.00 GB reserved,       1.38 MB ( <1%) committed,  1 nodes.
             Both:        1.06 GB reserved,      11.00 MB (  1%) committed. 

Chunk freelists:
   Non-Class:  4.97 MB
       Class:  14.62 MB
        Both:  19.59 MB

MaxMetaspaceSize: unlimited
CompressedClassSpaceSize: 1.00 GB
Initial GC threshold: 21.00 MB
Current GC threshold: 21.00 MB
CDS: on
MetaspaceReclaimPolicy: balanced
 - commit_granule_bytes: 65536.
 - commit_granule_words: 8192.
 - virtual_space_node_default_size: 8388608.
 - enlarge_chunks_in_place: 1.
 - new_chunks_are_fully_committed: 0.
 - uncommit_free_chunks: 1.
 - use_allocation_guard: 0.
 - handle_deallocations: 1.


Internal statistics:

num_allocs_failed_limit: 0.
num_arena_births: 70.
num_arena_deaths: 0.
num_vsnodes_births: 2.
num_vsnodes_deaths: 0.
num_space_committed: 176.
num_space_uncommitted: 0.
num_chunks_returned_to_freelist: 0.
num_chunks_taken_from_freelist: 455.
num_chunk_merges: 0.
num_chunk_splits: 308.
num_chunks_enlarged: 250.
num_inconsistent_stats: 0.

CodeHeap 'non-profiled nmethods': size=119168Kb used=851Kb max_used=851Kb free=118316Kb
 bounds [0x0000026eab4c0000, 0x0000026eab730000, 0x0000026eb2920000]
CodeHeap 'profiled nmethods': size=119104Kb used=4026Kb max_used=4026Kb free=115077Kb
 bounds [0x0000026ea3920000, 0x0000026ea3d10000, 0x0000026eaad70000]
CodeHeap 'non-nmethods': size=7488Kb used=2858Kb max_used=2899Kb free=4629Kb
 bounds [0x0000026eaad70000, 0x0000026eab050000, 0x0000026eab4c0000]
 total_blobs=2480 nmethods=2024 adapters=365
 compilation: enabled
              stopped_count=0, restarted_count=0
 full_count=0

Compilation events (20 events):
Event: 1.920 Thread 0x0000026ebf29a2f0 nmethod 1956 0x0000026ea3ceb610 code [0x0000026ea3ceb7a0, 0x0000026ea3ceb8d8]
Event: 1.924 Thread 0x0000026ebf29cb70 1957       4       java.lang.String::indexOf (18 bytes)
Event: 1.925 Thread 0x0000026ebf29d080 1958       3       java.util.WeakHashMap::put (160 bytes)
Event: 1.926 Thread 0x0000026ebf29c150 1959       4       java.util.WeakHashMap::getTable (9 bytes)
Event: 1.926 Thread 0x0000026ebf29d080 nmethod 1958 0x0000026ea3ceb990 code [0x0000026ea3cebc20, 0x0000026ea3cecca8]
Event: 1.926 Thread 0x0000026ebf29a2f0 1960       3       java.util.concurrent.ConcurrentHashMap::get (162 bytes)
Event: 1.927 Thread 0x0000026ebf29cb70 nmethod 1957 0x0000026eab58ff90 code [0x0000026eab590120, 0x0000026eab5904d8]
Event: 1.927 Thread 0x0000026ebf29a2f0 nmethod 1960 0x0000026ea3ced210 code [0x0000026ea3ced460, 0x0000026ea3cedf68]
Event: 1.929 Thread 0x0000026ebf29c150 nmethod 1959 0x0000026eab590710 code [0x0000026eab5908a0, 0x0000026eab590ba8]
Event: 1.933 Thread 0x0000026ebf29a2f0 1961       3       java.util.WeakHashMap::remove (131 bytes)
Event: 1.933 Thread 0x0000026ebf299de0 1962       3       java.util.WeakHashMap::matchesKey (33 bytes)
Event: 1.934 Thread 0x0000026ebf299de0 nmethod 1962 0x0000026ea3cee290 code [0x0000026ea3cee460, 0x0000026ea3cee998]
Event: 1.934 Thread 0x0000026ebf29a2f0 nmethod 1961 0x0000026ea3ceeb10 code [0x0000026ea3ceed60, 0x0000026ea3cef8f8]
Event: 1.943 Thread 0x0000026ebf29c150 1963       4       jdk.internal.org.objectweb.asm.ByteVector::putByte (39 bytes)
Event: 1.945 Thread 0x0000026ebf29c150 nmethod 1963 0x0000026eab590d10 code [0x0000026eab590ea0, 0x0000026eab590fe8]
Event: 1.945 Thread 0x0000026ebf29d080 1964       3       java.lang.invoke.MethodHandles$Lookup::<init> (84 bytes)
Event: 1.946 Thread 0x0000026ebf29d080 nmethod 1964 0x0000026ea3cefd10 code [0x0000026ea3cefec0, 0x0000026ea3cf0118]
Event: 1.946 Thread 0x0000026ebf29c660 1965       3       com.google.inject.internal.aop.ImmutableStringTrie::nextPivotRow (49 bytes)
Event: 1.947 Thread 0x0000026ebf29c660 nmethod 1965 0x0000026ea3cf0210 code [0x0000026ea3cf0440, 0x0000026ea3cf0c98]
Event: 1.950 Thread 0x0000026ebf29bc40 1966       4       java.lang.StringBuilder::<init> (7 bytes)

GC Heap History (4 events):
Event: 0.845 GC heap before
{Heap before GC invocations=0 (full 0):
 garbage-first heap   total 249856K, used 22528K [0x000000070c000000, 0x0000000800000000)
  region size 2048K, 11 young (22528K), 0 survivors (0K)
 Metaspace       used 5485K, committed 5696K, reserved 1114112K
  class space    used 655K, committed 768K, reserved 1048576K
}
Event: 0.851 GC heap after
{Heap after GC invocations=1 (full 0):
 garbage-first heap   total 249856K, used 3901K [0x000000070c000000, 0x0000000800000000)
  region size 2048K, 2 young (4096K), 2 survivors (4096K)
 Metaspace       used 5485K, committed 5696K, reserved 1114112K
  class space    used 655K, committed 768K, reserved 1048576K
}
Event: 1.627 GC heap before
{Heap before GC invocations=1 (full 0):
 garbage-first heap   total 249856K, used 28477K [0x000000070c000000, 0x0000000800000000)
  region size 2048K, 15 young (30720K), 2 survivors (4096K)
 Metaspace       used 8485K, committed 8640K, reserved 1114112K
  class space    used 1011K, committed 1088K, reserved 1048576K
}
Event: 1.632 GC heap after
{Heap after GC invocations=2 (full 0):
 garbage-first heap   total 249856K, used 5167K [0x000000070c000000, 0x0000000800000000)
  region size 2048K, 1 young (2048K), 1 survivors (2048K)
 Metaspace       used 8485K, committed 8640K, reserved 1114112K
  class space    used 1011K, committed 1088K, reserved 1048576K
}

Deoptimization events (20 events):
Event: 1.814 Thread 0x0000026e9c002360 Uncommon trap: trap_request=0xffffffd6 fr.pc=0x0000026eab58aa7c relative=0x000000000000015c
Event: 1.814 Thread 0x0000026e9c002360 Uncommon trap: reason=array_check action=maybe_recompile pc=0x0000026eab58aa7c method=java.util.stream.Nodes$FixedNodeBuilder.accept(Ljava/lang/Object;)V @ 28 c2
Event: 1.814 Thread 0x0000026e9c002360 DEOPT PACKING pc=0x0000026eab58aa7c sp=0x000000f9760fdc60
Event: 1.814 Thread 0x0000026e9c002360 DEOPT UNPACKING pc=0x0000026eaadc23a3 sp=0x000000f9760fdc10 mode 2
Event: 1.814 Thread 0x0000026e9c002360 Uncommon trap: trap_request=0xffffffd6 fr.pc=0x0000026eab58aa7c relative=0x000000000000015c
Event: 1.814 Thread 0x0000026e9c002360 Uncommon trap: reason=array_check action=maybe_recompile pc=0x0000026eab58aa7c method=java.util.stream.Nodes$FixedNodeBuilder.accept(Ljava/lang/Object;)V @ 28 c2
Event: 1.814 Thread 0x0000026e9c002360 DEOPT PACKING pc=0x0000026eab58aa7c sp=0x000000f9760fdc60
Event: 1.814 Thread 0x0000026e9c002360 DEOPT UNPACKING pc=0x0000026eaadc23a3 sp=0x000000f9760fdc10 mode 2
Event: 1.814 Thread 0x0000026e9c002360 Uncommon trap: trap_request=0xffffffd6 fr.pc=0x0000026eab58aa7c relative=0x000000000000015c
Event: 1.814 Thread 0x0000026e9c002360 Uncommon trap: reason=array_check action=maybe_recompile pc=0x0000026eab58aa7c method=java.util.stream.Nodes$FixedNodeBuilder.accept(Ljava/lang/Object;)V @ 28 c2
Event: 1.814 Thread 0x0000026e9c002360 DEOPT PACKING pc=0x0000026eab58aa7c sp=0x000000f9760fdc60
Event: 1.814 Thread 0x0000026e9c002360 DEOPT UNPACKING pc=0x0000026eaadc23a3 sp=0x000000f9760fdc10 mode 2
Event: 1.916 Thread 0x0000026e9c002360 Uncommon trap: trap_request=0xffffff45 fr.pc=0x0000026eab505418 relative=0x0000000000000278
Event: 1.916 Thread 0x0000026e9c002360 Uncommon trap: reason=unstable_if action=reinterpret pc=0x0000026eab505418 method=java.util.concurrent.ConcurrentHashMap.get(Ljava/lang/Object;)Ljava/lang/Object; @ 76 c2
Event: 1.916 Thread 0x0000026e9c002360 DEOPT PACKING pc=0x0000026eab505418 sp=0x000000f9760fb150
Event: 1.916 Thread 0x0000026e9c002360 DEOPT UNPACKING pc=0x0000026eaadc23a3 sp=0x000000f9760fb0c8 mode 2
Event: 1.945 Thread 0x0000026e9c002360 Uncommon trap: trap_request=0xffffff45 fr.pc=0x0000026eab54602c relative=0x000000000000018c
Event: 1.945 Thread 0x0000026e9c002360 Uncommon trap: reason=unstable_if action=reinterpret pc=0x0000026eab54602c method=java.lang.ClassLoader.checkName(Ljava/lang/String;)Z @ 1 c2
Event: 1.945 Thread 0x0000026e9c002360 DEOPT PACKING pc=0x0000026eab54602c sp=0x000000f9760fd880
Event: 1.945 Thread 0x0000026e9c002360 DEOPT UNPACKING pc=0x0000026eaadc23a3 sp=0x000000f9760fd818 mode 2

Classes unloaded (0 events):
No events

Classes redefined (0 events):
No events

Internal exceptions (20 events):
Event: 0.261 Thread 0x0000026e9c002360 Exception <a 'java/lang/NullPointerException'{0x000000071af97088}> (0x000000071af97088) 
thrown [s\open\src\hotspot\share\interpreter\linkResolver.cpp, line 1350]
Event: 0.263 Thread 0x0000026e9c002360 Exception <a 'java/lang/NullPointerException'{0x000000071afaccc8}> (0x000000071afaccc8) 
thrown [s\open\src\hotspot\share\interpreter\linkResolver.cpp, line 1350]
Event: 0.263 Thread 0x0000026e9c002360 Exception <a 'java/lang/NullPointerException'{0x000000071afacfa0}> (0x000000071afacfa0) 
thrown [s\open\src\hotspot\share\interpreter\linkResolver.cpp, line 1350]
Event: 0.264 Thread 0x0000026e9c002360 Exception <a 'java/lang/NullPointerException'{0x000000071afad278}> (0x000000071afad278) 
thrown [s\open\src\hotspot\share\interpreter\linkResolver.cpp, line 1350]
Event: 0.264 Thread 0x0000026e9c002360 Exception <a 'java/lang/NullPointerException'{0x000000071afad550}> (0x000000071afad550) 
thrown [s\open\src\hotspot\share\interpreter\linkResolver.cpp, line 1350]
Event: 0.282 Thread 0x0000026e9c002360 Exception <a 'java/lang/NoSuchMethodError'{0x000000071acdc740}: 'void java.lang.invoke.DirectMethodHandle$Holder.invokeStatic(java.lang.Object, java.lang.Object)'> (0x000000071acdc740) 
thrown [s\open\src\hotspot\share\interpreter\linkResolver.cpp, line 759]
Event: 0.283 Thread 0x0000026e9c002360 Exception <a 'java/lang/NoSuchMethodError'{0x000000071ace0058}: 'void java.lang.invoke.DirectMethodHandle$Holder.invokeStaticInit(java.lang.Object, java.lang.Object)'> (0x000000071ace0058) 
thrown [s\open\src\hotspot\share\interpreter\linkResolver.cpp, line 759]
Event: 0.296 Thread 0x0000026e9c002360 Exception <a 'java/lang/NoSuchMethodError'{0x000000071ad1c538}: 'void java.lang.invoke.DirectMethodHandle$Holder.invokeStatic(java.lang.Object, java.lang.Object, java.lang.Object)'> (0x000000071ad1c538) 
thrown [s\open\src\hotspot\share\interpreter\linkResolver.cpp, line 759]
Event: 0.365 Thread 0x0000026e9c002360 Exception <a 'java/lang/NoSuchMethodError'{0x000000071aaa4560}: 'java.lang.Object java.lang.invoke.DirectMethodHandle$Holder.invokeSpecialIFC(java.lang.Object, java.lang.Object, java.lang.Object, java.lang.Object)'> (0x000000071aaa4560) 
thrown [s\open\src\hotspot\share\interpreter\linkResolver.cpp, line 759]
Event: 0.620 Thread 0x0000026e9c002360 Exception <a 'java/lang/NoSuchMethodError'{0x000000071a4d2138}: 'void java.lang.invoke.DirectMethodHandle$Holder.invokeSpecial(java.lang.Object, java.lang.Object, java.lang.Object)'> (0x000000071a4d2138) 
thrown [s\open\src\hotspot\share\interpreter\linkResolver.cpp, line 759]
Event: 0.657 Thread 0x0000026e9c002360 Exception <a 'java/lang/NoSuchMethodError'{0x000000071a22ceb8}: 'java.lang.Object java.lang.invoke.DirectMethodHandle$Holder.invokeInterface(java.lang.Object, java.lang.Object)'> (0x000000071a22ceb8) 
thrown [s\open\src\hotspot\share\interpreter\linkResolver.cpp, line 759]
Event: 0.678 Thread 0x0000026e9c002360 Exception <a 'java/lang/NoSuchMethodError'{0x000000071a2d49c0}: 'java.lang.Object java.lang.invoke.Invokers$Holder.invokeExact_MT(java.lang.Object, java.lang.Object, java.lang.Object, java.lang.Object, java.lang.Object, java.lang.Object)'> (0x000000071a2d49c0) 
thrown [s\open\src\hotspot\share\interpreter\linkResolver.cpp, line 759]
Event: 0.682 Thread 0x0000026e9c002360 Exception <a 'java/lang/NoSuchMethodError'{0x000000071a2e61e0}: 'int java.lang.invoke.DirectMethodHandle$Holder.invokeSpecialIFC(java.lang.Object, java.lang.Object, java.lang.Object, java.lang.Object, java.lang.Object)'> (0x000000071a2e61e0) 
thrown [s\open\src\hotspot\share\interpreter\linkResolver.cpp, line 759]
Event: 0.738 Thread 0x0000026e9c002360 Exception <a 'java/lang/NoSuchMethodError'{0x000000071a085658}: 'java.lang.Object java.lang.invoke.DirectMethodHandle$Holder.newInvokeSpecial(java.lang.Object, java.lang.Object, java.lang.Object, java.lang.Object, java.lang.Object)'> (0x000000071a085658) 
thrown [s\open\src\hotspot\share\interpreter\linkResolver.cpp, line 759]
Event: 0.771 Thread 0x0000026e9c002360 Exception <a 'java/lang/NoSuchMethodError'{0x000000071a1893c8}: 'int java.lang.invoke.DirectMethodHandle$Holder.invokeStaticInit(java.lang.Object, java.lang.Object)'> (0x000000071a1893c8) 
thrown [s\open\src\hotspot\share\interpreter\linkResolver.cpp, line 759]
Event: 0.784 Thread 0x0000026e9c002360 Exception <a 'java/lang/NoClassDefFoundError'{0x000000071a1c1180}: javax/enterprise/inject/Typed> (0x000000071a1c1180) 
thrown [s\open\src\hotspot\share\classfile\systemDictionary.cpp, line 245]
Event: 1.906 Thread 0x0000026e9c002360 Exception <a 'java/lang/NoSuchMethodError'{0x000000071a620f08}: 'void java.lang.invoke.DirectMethodHandle$Holder.invokeStaticInit(java.lang.Object, java.lang.Object, java.lang.Object)'> (0x000000071a620f08) 
thrown [s\open\src\hotspot\share\interpreter\linkResolver.cpp, line 759]
Event: 1.914 Thread 0x0000026e9c002360 Exception <a 'java/lang/ExceptionInInitializerError'{0x000000071a64c048}> (0x000000071a64c048) 
thrown [s\open\src\hotspot\share\oops\instanceKlass.cpp, line 1216]
Event: 1.945 Thread 0x0000026e9c002360 Implicit null exception at 0x0000026eab545eaf to 0x0000026eab54601c
Event: 1.947 Thread 0x0000026e9c002360 Exception <a 'java/lang/NoSuchMethodError'{0x000000071a7599c0}: 'java.lang.Object java.lang.invoke.Invokers$Holder.invokeExact_MT(java.lang.Object, int, java.lang.Object)'> (0x000000071a7599c0) 
thrown [s\open\src\hotspot\share\interpreter\linkResolver.cpp, line 759]

VM Operations (18 events):
Event: 0.097 Executing VM operation: HandshakeAllThreads
Event: 0.097 Executing VM operation: HandshakeAllThreads done
Event: 0.243 Executing VM operation: HandshakeAllThreads
Event: 0.243 Executing VM operation: HandshakeAllThreads done
Event: 0.254 Executing VM operation: HandshakeAllThreads
Event: 0.254 Executing VM operation: HandshakeAllThreads done
Event: 0.383 Executing VM operation: HandshakeAllThreads
Event: 0.383 Executing VM operation: HandshakeAllThreads done
Event: 0.845 Executing VM operation: G1CollectForAllocation
Event: 0.851 Executing VM operation: G1CollectForAllocation done
Event: 1.489 Executing VM operation: HandshakeAllThreads
Event: 1.490 Executing VM operation: HandshakeAllThreads done
Event: 1.627 Executing VM operation: G1CollectForAllocation
Event: 1.632 Executing VM operation: G1CollectForAllocation done
Event: 1.697 Executing VM operation: HandshakeAllThreads
Event: 1.697 Executing VM operation: HandshakeAllThreads done
Event: 1.919 Executing VM operation: HandshakeAllThreads
Event: 1.919 Executing VM operation: HandshakeAllThreads done

Events (20 events):
Event: 1.753 loading class sun/reflect/generics/tree/MethodTypeSignature done
Event: 1.805 loading class sun/reflect/generics/repository/FieldRepository
Event: 1.805 loading class sun/reflect/generics/repository/FieldRepository done
Event: 1.819 loading class java/io/UncheckedIOException
Event: 1.819 loading class java/io/UncheckedIOException done
Event: 1.828 loading class java/util/concurrent/atomic/AtomicBoolean
Event: 1.828 loading class java/util/concurrent/atomic/AtomicBoolean done
Event: 1.831 Thread 0x0000026ebf29d590 Thread exited: 0x0000026ebf29d590
Event: 1.831 loading class java/nio/channels/OverlappingFileLockException
Event: 1.832 loading class java/nio/channels/OverlappingFileLockException done
Event: 1.832 loading class java/nio/channels/FileLock
Event: 1.832 loading class java/nio/channels/FileLock done
Event: 1.863 loading class java/nio/file/AccessDeniedException
Event: 1.864 loading class java/nio/file/FileSystemException
Event: 1.864 loading class java/nio/file/FileSystemException done
Event: 1.864 loading class java/nio/file/AccessDeniedException done
Event: 1.911 loading class java/lang/ExceptionInInitializerError
Event: 1.911 loading class java/lang/ExceptionInInitializerError done
Event: 1.915 loading class jdk/internal/vm/annotation/ForceInline
Event: 1.915 loading class jdk/internal/vm/annotation/ForceInline done


Dynamic libraries:
0x00007ff609ed0000 - 0x00007ff609ee0000 	C:\Program Files\Java\jdk-17\bin\java.exe
0x00007ffd2ac00000 - 0x00007ffd2ae67000 	C:\WINDOWS\SYSTEM32\ntdll.dll
0x00007ffd29840000 - 0x00007ffd29909000 	C:\WINDOWS\System32\KERNEL32.DLL
0x00007ffd27ea0000 - 0x00007ffd28297000 	C:\WINDOWS\System32\KERNELBASE.dll
0x00007ffd285f0000 - 0x00007ffd2873b000 	C:\WINDOWS\System32\ucrtbase.dll
0x00007ffd21ad0000 - 0x00007ffd21aeb000 	C:\Program Files\Java\jdk-17\bin\VCRUNTIME140.dll
0x00007ffd21b70000 - 0x00007ffd21b89000 	C:\Program Files\Java\jdk-17\bin\jli.dll
0x00007ffd2a020000 - 0x00007ffd2a0d6000 	C:\WINDOWS\System32\ADVAPI32.dll
0x00007ffd289d0000 - 0x00007ffd28a79000 	C:\WINDOWS\System32\msvcrt.dll
0x00007ffd2a0e0000 - 0x00007ffd2a187000 	C:\WINDOWS\System32\sechost.dll
0x00007ffd29e60000 - 0x00007ffd29f78000 	C:\WINDOWS\System32\RPCRT4.dll
0x00007ffd28fa0000 - 0x00007ffd29166000 	C:\WINDOWS\System32\USER32.dll
0x00007ffd133e0000 - 0x00007ffd13672000 	C:\WINDOWS\WinSxS\amd64_microsoft.windows.common-controls_6595b64144ccf1df_6.0.26100.8457_none_3e0b2faee331e92d\COMCTL32.dll
0x00007ffd28510000 - 0x00007ffd28537000 	C:\WINDOWS\System32\win32u.dll
0x00007ffd29810000 - 0x00007ffd2983b000 	C:\WINDOWS\System32\GDI32.dll
0x00007ffd283e0000 - 0x00007ffd2850c000 	C:\WINDOWS\System32\gdi32full.dll
0x00007ffd282a0000 - 0x00007ffd28343000 	C:\WINDOWS\System32\msvcp_win.dll
0x00007ffd1ffb0000 - 0x00007ffd1ffbb000 	C:\WINDOWS\SYSTEM32\VERSION.dll
0x00007ffd29740000 - 0x00007ffd29772000 	C:\WINDOWS\System32\IMM32.DLL
0x00007ffd21b60000 - 0x00007ffd21b6c000 	C:\Program Files\Java\jdk-17\bin\vcruntime140_1.dll
0x00007ffd1ee50000 - 0x00007ffd1eede000 	C:\Program Files\Java\jdk-17\bin\msvcp140.dll
0x00007ffcc7200000 - 0x00007ffcc7de0000 	C:\Program Files\Java\jdk-17\bin\server\jvm.dll
0x00007ffd2a330000 - 0x00007ffd2a338000 	C:\WINDOWS\System32\PSAPI.DLL
0x00007ffcf1150000 - 0x00007ffcf115a000 	C:\WINDOWS\SYSTEM32\WSOCK32.dll
0x00007ffd1c140000 - 0x00007ffd1c176000 	C:\WINDOWS\SYSTEM32\WINMM.dll
0x00007ffd2a2a0000 - 0x00007ffd2a320000 	C:\WINDOWS\System32\WS2_32.dll
0x00007ffd264e0000 - 0x00007ffd264fb000 	C:\WINDOWS\SYSTEM32\kernel.appcore.dll
0x00007ffd1fd60000 - 0x00007ffd1fd6a000 	C:\Program Files\Java\jdk-17\bin\jimage.dll
0x00007ffd25530000 - 0x00007ffd25772000 	C:\WINDOWS\SYSTEM32\DBGHELP.DLL
0x00007ffd29180000 - 0x00007ffd29503000 	C:\WINDOWS\System32\combase.dll
0x00007ffd28ec0000 - 0x00007ffd28f99000 	C:\WINDOWS\System32\OLEAUT32.dll
0x00007ffd1ea10000 - 0x00007ffd1ea4b000 	C:\WINDOWS\SYSTEM32\dbgcore.DLL
0x00007ffd28540000 - 0x00007ffd285e8000 	C:\WINDOWS\System32\bcryptPrimitives.dll
0x00007ffd1f660000 - 0x00007ffd1f685000 	C:\Program Files\Java\jdk-17\bin\java.dll
0x00007ffd120b0000 - 0x00007ffd12187000 	C:\Program Files\Java\jdk-17\bin\jsvml.dll
0x00007ffd2a340000 - 0x00007ffd2aaae000 	C:\WINDOWS\System32\SHELL32.dll
0x00007ffd27630000 - 0x00007ffd27e9c000 	C:\WINDOWS\System32\windows.storage.dll
0x00007ffd2a190000 - 0x00007ffd2a286000 	C:\WINDOWS\System32\SHCORE.dll
0x00007ffd28be0000 - 0x00007ffd28c46000 	C:\WINDOWS\System32\shlwapi.dll
0x00007ffd27550000 - 0x00007ffd27579000 	C:\WINDOWS\SYSTEM32\profapi.dll
0x00007ffd1f640000 - 0x00007ffd1f659000 	C:\Program Files\Java\jdk-17\bin\net.dll
0x00007ffd213d0000 - 0x00007ffd214f9000 	C:\WINDOWS\SYSTEM32\WINHTTP.dll
0x00007ffd26a50000 - 0x00007ffd26abc000 	C:\WINDOWS\system32\mswsock.dll
0x00007ffd1f620000 - 0x00007ffd1f636000 	C:\Program Files\Java\jdk-17\bin\nio.dll
0x00007ffd1f4d0000 - 0x00007ffd1f4e8000 	C:\Program Files\Java\jdk-17\bin\zip.dll
0x00007ffd14f40000 - 0x00007ffd14f64000 	C:\Program Files\apache-maven-3.9.9\lib\jansi-native\Windows\x86_64\jansi.dll
0x00007ffd1f4c0000 - 0x00007ffd1f4d0000 	C:\Program Files\Java\jdk-17\bin\verify.dll

dbghelp: loaded successfully - version: 4.0.5 - missing functions: none
symbol engine: initialized successfully - sym options: 0x614 - pdb path: .;C:\Program Files\Java\jdk-17\bin;C:\WINDOWS\SYSTEM32;C:\WINDOWS\WinSxS\amd64_microsoft.windows.common-controls_6595b64144ccf1df_6.0.26100.8457_none_3e0b2faee331e92d;C:\Program Files\Java\jdk-17\bin\server;C:\Program Files\apache-maven-3.9.9\lib\jansi-native\Windows\x86_64

VM Arguments:
jvm_args: -Dclassworlds.conf=C:\Program Files\apache-maven-3.9.9\bin\m2.conf -Dmaven.home=C:\Program Files\apache-maven-3.9.9 -Dlibrary.jansi.path=C:\Program Files\apache-maven-3.9.9\lib\jansi-native -Dmaven.multiModuleProjectDirectory=F:\newCommunity 
java_command: org.codehaus.plexus.classworlds.launcher.Launcher clean compile
java_class_path (initial): C:\Program Files\apache-maven-3.9.9\boot\plexus-classworlds-2.8.0.jar
Launcher Type: SUN_STANDARD

[Global flags]
     intx CICompilerCount                          = 12                                        {product} {ergonomic}
     uint ConcGCThreads                            = 3                                         {product} {ergonomic}
     uint G1ConcRefinementThreads                  = 13                                        {product} {ergonomic}
   size_t G1HeapRegionSize                         = 2097152                                   {product} {ergonomic}
    uintx GCDrainStackTargetSize                   = 64                                        {product} {ergonomic}
   size_t InitialHeapSize                          = 255852544                                 {product} {ergonomic}
   size_t MarkStackSize                            = 4194304                                   {product} {ergonomic}
   size_t MaxHeapSize                              = 4093640704                                {product} {ergonomic}
   size_t MaxNewSize                               = 2455764992                                {product} {ergonomic}
   size_t MinHeapDeltaBytes                        = 2097152                                   {product} {ergonomic}
   size_t MinHeapSize                              = 8388608                                   {product} {ergonomic}
    uintx NonNMethodCodeHeapSize                   = 7602480                                {pd product} {ergonomic}
    uintx NonProfiledCodeHeapSize                  = 122027880                              {pd product} {ergonomic}
    uintx ProfiledCodeHeapSize                     = 122027880                              {pd product} {ergonomic}
    uintx ReservedCodeCacheSize                    = 251658240                              {pd product} {ergonomic}
     bool SegmentedCodeCache                       = true                                      {product} {ergonomic}
   size_t SoftMaxHeapSize                          = 4093640704                             {manageable} {ergonomic}
     bool UseCompressedClassPointers               = true                           {product lp64_product} {ergonomic}
     bool UseCompressedOops                        = true                           {product lp64_product} {ergonomic}
     bool UseG1GC                                  = true                                      {product} {ergonomic}
     bool UseLargePagesIndividualAllocation        = false                                  {pd product} {ergonomic}

Logging:
Log output configuration:
 #0: stdout all=warning uptime,level,tags
 #1: stderr all=off uptime,level,tags

Environment Variables:
JAVA_HOME=C:\Program Files\Java\jdk-17
PATH=C:\Program Files\Java\jdk-17\bin;C:\Program Files (x86)\Common Files\Oracle\Java\javapath;C:\Program Files\Java\jdk-17\jre\bin;C:\Program Files\Common Files\Oracle\Java\javapath;C:\Windows\system32;C:\Windows;C:\Windows\System32\Wbem;C:\Windows\System32\WindowsPowerShell\v1.0\;C:\Windows\System32\OpenSSH\;C:\Program Files (x86)\NVIDIA Corporation\PhysX\Common;C:\Program Files\NVIDIA Corporation\NVIDIA NvDLISR;C:\Program Files\apache-maven-3.9.9\bin;C:\WINDOWS\system32;C:\WINDOWS;C:\WINDOWS\System32\Wbem;C:\WINDOWS\System32\WindowsPowerShell\v1.0\;C:\WINDOWS\System32\OpenSSH\;C:\Program Files\Git\cmd;C:\Program Files\Git\cmd\git.exe;C:\Program Files\Git\mingw64\bin\git.exe;F:\openjdk-17.0.2_windows-x64_bin\jdk-17.0.2;C:\my-python-project\python-3.14.0-amd64.exe;C:\Program Files\Tencent\QQNT\;C:\Program Files\nodejs\;C:\Users\asus\AppData\Local\Programs\Python\Python310\Scripts\;C:\Users\asus\AppData\Local\Programs\Python\Python310\;C:\Users\asus\AppData\Local\Programs\Python\Python39\Scripts\;C:\Users\asus\AppData\Local\Programs\Python\Python39\;C:\Users\asus\AppData\Local\Microsoft\WindowsApps;C:\Users\asus\root\bin;C:\Users\asus\.cjpm\bin;C:\Users\asus\.cjpm\bin;C:\Users\asus\cangjie5318\bin;C:\Users\asus\cangjie5318\tools\bin;C:\Users\asus\cangjie5318\runtime\lib\windows_x86_64_llvm;C:\Users\asus\cangjie5318\tools\lib;C:\Users\asus\Desktop\Arduino IDE.lnk;C:\Users\asus\IntelliJ IDEA Community Edition 2025.1.1.1\bin;;C:\Program Files\nodejs\node_global;C:\Users\asus\AppData\Roaming\Python\Scripts;C:\Program Files\JetBrains\PyCharm 2026.1.2\bin;E:\DataGrip 2026.1.3\bin;C:\Users\asus\AppData\Roaming\npm;C:\Program Files\nodejs\node.exe;;E:\IntelliJ IDEA 2026.1.2\bin;F:\DevEco Studio\bin;
USERNAME=asus
OS=Windows_NT
PROCESSOR_IDENTIFIER=AMD64 Family 25 Model 68 Stepping 1, AuthenticAMD



---------------  S Y S T E M  ---------------

OS:
 Windows 11 , 64 bit Build 26100 (10.0.26100.8328)
OS uptime: 0 days 11:05 hours
Hyper-V role detected

CPU: total 16 (initial active 16) (16 cores per cpu, 2 threads per core) family 25 model 68 stepping 1 microcode 0xa404102, cx8, cmov, fxsr, ht, mmx, 3dnowpref, sse, sse2, sse3, ssse3, sse4a, sse4.1, sse4.2, popcnt, lzcnt, tsc, tscinvbit, avx, avx2, aes, erms, clmul, bmi1, bmi2, adx, sha, fma, vzeroupper, clflush, clflushopt, hv

Memory: 4k page, system-wide physical 15614M (2229M free)
TotalPageFile size 19271M (AvailPageFile size 4M)
current process WorkingSet (physical memory assigned to process): 121M, peak: 121M
current process commit charge ("private bytes"): 386M, peak: 387M

vm_info: Java HotSpot(TM) 64-Bit Server VM (17.0.17+8-LTS-360) for windows-amd64 JRE (17.0.17+8-LTS-360), built on Sep 27 2025 05:17:01 by "mach5run" with MS VC++ 17.6 (VS2022)

END.
